<?xml version="1.0" encoding="UTF-8"?>
<testng-results ignored="0" total="1" passed="1" failed="0" skipped="0">
  <reporter-output>
  </reporter-output>
  <suite started-at="2025-11-24T18:59:40 IST" name="Default suite" finished-at="2025-11-24T18:59:40 IST" duration-ms="169">
    <groups>
    </groups>
    <test started-at="2025-11-24T18:59:40 IST" name="Default test" finished-at="2025-11-24T18:59:40 IST" duration-ms="169">
      <class name="practice.GitPractice">
        <test-method signature="m1()[pri:0, instance:practice.GitPractice@313ac989]" started-at="2025-11-24T18:59:40 IST" name="m1" finished-at="2025-11-24T18:59:40 IST" duration-ms="28" status="PASS">
          <reporter-output>
          </reporter-output>
        </test-method> <!-- m1 -->
      </class> <!-- practice.GitPractice -->
    </test> <!-- Default test -->
  </suite> <!-- Default suite -->
</testng-results>
